0 info it worked if it ends with ok
1 verbose cli [ '/usr/local/bin/node', '/usr/local/bin/npm', 'start' ]
2 info using npm@3.10.3
3 info using node@v6.4.0
4 verbose run-script [ 'prestart', 'start', 'poststart' ]
5 info lifecycle BitBargain@1.0.0~prestart: BitBargain@1.0.0
6 verbose lifecycle BitBargain@1.0.0~prestart: unsafe-perm in lifecycle true
7 verbose lifecycle BitBargain@1.0.0~prestart: PATH: /usr/local/lib/node_modules/npm/bin/node-gyp-bin:/home/drew/code/js/BitBargain/node_modules/.bin:/usr/local/bin:/home/drew/bin:/home/drew/.local/bin:/usr/local/bin:/home/drew/.gem/ruby/2.3.0/bin:/home/drew/bin:/home/drew/.local/bin:/usr/local/bin:/home/drew/.gem/ruby/2.3.0/bin:/opt/google-cloud-sdk/bin:/usr/local/sbin:/usr/local/bin:/usr/bin:/opt/android-sdk/platform-tools:/opt/android-sdk/tools:/usr/lib/jvm/default/bin:/usr/bin/site_perl:/usr/bin/vendor_perl:/usr/bin/core_perl:/opt/plan9/bin
8 verbose lifecycle BitBargain@1.0.0~prestart: CWD: /home/drew/code/js/BitBargain
9 silly lifecycle BitBargain@1.0.0~prestart: Args: [ '-c', 'webpack -d' ]
10 silly lifecycle BitBargain@1.0.0~prestart: Returned: code: 2  signal: null
11 info lifecycle BitBargain@1.0.0~prestart: Failed to exec prestart script
12 verbose stack Error: BitBargain@1.0.0 prestart: `webpack -d`
12 verbose stack Exit status 2
12 verbose stack     at EventEmitter.<anonymous> (/usr/local/lib/node_modules/npm/lib/utils/lifecycle.js:242:16)
12 verbose stack     at emitTwo (events.js:106:13)
12 verbose stack     at EventEmitter.emit (events.js:191:7)
12 verbose stack     at ChildProcess.<anonymous> (/usr/local/lib/node_modules/npm/lib/utils/spawn.js:40:14)
12 verbose stack     at emitTwo (events.js:106:13)
12 verbose stack     at ChildProcess.emit (events.js:191:7)
12 verbose stack     at maybeClose (internal/child_process.js:852:16)
12 verbose stack     at Process.ChildProcess._handle.onexit (internal/child_process.js:215:5)
13 verbose pkgid BitBargain@1.0.0
14 verbose cwd /home/drew/code/js/BitBargain/client/app
15 error Linux 4.7.4-1-ARCH
16 error argv "/usr/local/bin/node" "/usr/local/bin/npm" "start"
17 error node v6.4.0
18 error npm  v3.10.3
19 error code ELIFECYCLE
20 error BitBargain@1.0.0 prestart: `webpack -d`
20 error Exit status 2
21 error Failed at the BitBargain@1.0.0 prestart script 'webpack -d'.
21 error Make sure you have the latest version of node.js and npm installed.
21 error If you do, this is most likely a problem with the BitBargain package,
21 error not with npm itself.
21 error Tell the author that this fails on your system:
21 error     webpack -d
21 error You can get information on how to open an issue for this project with:
21 error     npm bugs BitBargain
21 error Or if that isn't available, you can get their info via:
21 error     npm owner ls BitBargain
21 error There is likely additional logging output above.
22 verbose exit [ 1, true ]
